[INFO ] 2019-02-28 20:22:52 [main] c.j.s.a.AppUserApplicationTests - No active profile set, falling back to default profiles: default
[INFO ] 2019-02-28 20:22:52 [main] o.s.w.c.s.GenericWebApplicationContext - Refreshing org.springframework.web.context.support.GenericWebApplicationContext@5910de75: startup date [Thu Feb 28 20:22:52 CST 2019]; parent: org.springframework.context.annotation.AnnotationConfigApplicationContext@6f3187b0
[INFO ] 2019-02-28 20:22:52 [main] o.s.cloud.context.scope.GenericScope - BeanFactory id=0b0c7b67-21c0-38c2-9f6d-7a095fc95527
[INFO ] 2019-02-28 20:22:52 [main] o.s.b.f.a.AutowiredAnnotationBeanPostProcessor - JSR-330 'javax.inject.Inject' annotation found and supported for autowiring
[INFO ] 2019-02-28 20:22:52 [main] o.s.c.s.PostProcessorRegistrationDelegate$BeanPostProcessorChecker - Bean 'org.springframework.cloud.autoconfigure.ConfigurationPropertiesRebinderAutoConfiguration' of type [org.springframework.cloud.autoconfigure.ConfigurationPropertiesRebinderAutoConfiguration$$EnhancerBySpringCGLIB$$2aaa2701] is not eligible for getting processed by all BeanPostProcessors (for example: not eligible for auto-proxying)
[INFO ] 2019-02-28 20:22:52 [main] o.s.w.s.m.m.a.RequestMappingHandlerAdapter - Looking for @ControllerAdvice: org.springframework.web.context.support.GenericWebApplicationContext@5910de75: startup date [Thu Feb 28 20:22:52 CST 2019]; parent: org.springframework.context.annotation.AnnotationConfigApplicationContext@6f3187b0
[INFO ] 2019-02-28 20:22:52 [main] o.s.w.s.m.m.a.RequestMappingHandlerMapping - Mapped "{[/app-user-meta]}" onto public java.util.List com.jay.springcloud.appuser.AppUserApplication.getAppUserMeta()
[INFO ] 2019-02-28 20:22:52 [main] o.s.w.s.m.m.a.RequestMappingHandlerMapping - Mapped "{[/app-order-meta]}" onto public java.util.List com.jay.springcloud.appuser.AppUserApplication.getAppOrderMeta()
[INFO ] 2019-02-28 20:22:52 [main] o.s.w.s.m.m.a.RequestMappingHandlerMapping - Mapped "{[/user/add]}" onto public java.lang.String com.jay.springcloud.appuser.controller.HelloController.add(java.lang.String,java.lang.String)
[INFO ] 2019-02-28 20:22:52 [main] o.s.w.s.m.m.a.RequestMappingHandlerMapping - Mapped "{[/user/findById]}" onto public java.lang.String com.jay.springcloud.appuser.controller.HelloController.findByPK(java.lang.String)
[INFO ] 2019-02-28 20:22:52 [main] o.s.w.s.m.m.a.RequestMappingHandlerMapping - Mapped "{[/user/hello]}" onto public java.lang.String com.jay.springcloud.appuser.controller.HelloController.sayHello()
[INFO ] 2019-02-28 20:22:52 [main] o.s.w.s.m.m.a.RequestMappingHandlerMapping - Mapped "{[/error]}" onto public org.springframework.http.ResponseEntity<java.util.Map<java.lang.String, java.lang.Object>> org.springframework.boot.autoconfigure.web.BasicErrorController.error(javax.servlet.http.HttpServletRequest)
[INFO ] 2019-02-28 20:22:52 [main] o.s.w.s.m.m.a.RequestMappingHandlerMapping - Mapped "{[/error],produces=[text/html]}" onto public org.springframework.web.servlet.ModelAndView org.springframework.boot.autoconfigure.web.BasicErrorController.errorHtml(javax.servlet.http.HttpServletRequest,javax.servlet.http.HttpServletResponse)
[INFO ] 2019-02-28 20:22:52 [main] o.s.w.s.h.SimpleUrlHandlerMapping - Mapped URL path [/webjars/**] onto handler of type [class org.springframework.web.servlet.resource.ResourceHttpRequestHandler]
[INFO ] 2019-02-28 20:22:52 [main] o.s.w.s.h.SimpleUrlHandlerMapping - Mapped URL path [/**] onto handler of type [class org.springframework.web.servlet.resource.ResourceHttpRequestHandler]
[INFO ] 2019-02-28 20:22:52 [main] o.s.w.s.h.SimpleUrlHandlerMapping - Mapped URL path [/**/favicon.ico] onto handler of type [class org.springframework.web.servlet.resource.ResourceHttpRequestHandler]
[INFO ] 2019-02-28 20:22:52 [main] c.n.c.sources.URLConfigurationSource - To enable URLs as dynamic configuration sources, define System property archaius.configurationSource.additionalUrls or make config.properties available on classpath.
[INFO ] 2019-02-28 20:22:52 [main] c.n.c.sources.URLConfigurationSource - To enable URLs as dynamic configuration sources, define System property archaius.configurationSource.additionalUrls or make config.properties available on classpath.
[INFO ] 2019-02-28 20:22:52 [main] o.s.c.s.DefaultLifecycleProcessor - Starting beans in phase 0
[INFO ] 2019-02-28 20:22:52 [main] c.j.s.a.AppUserApplicationTests - Started AppUserApplicationTests in 7.238 seconds (JVM running for 8.235)
[INFO ] 2019-02-28 20:22:52 [Thread-4] o.s.w.c.s.GenericWebApplicationContext - Closing org.springframework.web.context.support.GenericWebApplicationContext@5910de75: startup date [Thu Feb 28 20:22:52 CST 2019]; parent: org.springframework.context.annotation.AnnotationConfigApplicationContext@6f3187b0
[INFO ] 2019-02-28 20:22:52 [Thread-4] o.s.c.n.eureka.InstanceInfoFactory - Setting initial instance status as: STARTING
[INFO ] 2019-02-28 20:22:52 [Thread-4] o.s.c.n.e.EurekaDiscoveryClientConfiguration - Unregistering application app-user with eureka with status DOWN
[INFO ] 2019-02-28 20:22:52 [Thread-4] c.n.d.p.DiscoveryJerseyProvider - Using JSON encoding codec LegacyJacksonJson
[INFO ] 2019-02-28 20:22:52 [Thread-4] c.n.d.p.DiscoveryJerseyProvider - Using JSON decoding codec LegacyJacksonJson
[INFO ] 2019-02-28 20:22:52 [Thread-4] c.n.d.p.DiscoveryJerseyProvider - Using XML encoding codec XStreamXml
[INFO ] 2019-02-28 20:22:52 [Thread-4] c.n.d.p.DiscoveryJerseyProvider - Using XML decoding codec XStreamXml
[INFO ] 2019-02-28 20:22:52 [Thread-4] c.n.d.s.r.aws.ConfigClusterResolver - Resolving eureka endpoints via configuration
[INFO ] 2019-02-28 20:22:52 [Thread-4] c.netflix.discovery.DiscoveryClient - Disable delta property : false
[INFO ] 2019-02-28 20:22:52 [Thread-4] c.netflix.discovery.DiscoveryClient - Single vip registry refresh property : null
[INFO ] 2019-02-28 20:22:52 [Thread-4] c.netflix.discovery.DiscoveryClient - Force full registry fetch : false
[INFO ] 2019-02-28 20:22:52 [Thread-4] c.netflix.discovery.DiscoveryClient - Application is null : false
[INFO ] 2019-02-28 20:22:52 [Thread-4] c.netflix.discovery.DiscoveryClient - Registered Applications size is zero : true
[INFO ] 2019-02-28 20:22:52 [Thread-4] c.netflix.discovery.DiscoveryClient - Application version is -1: true
[INFO ] 2019-02-28 20:22:52 [Thread-4] c.netflix.discovery.DiscoveryClient - Getting all instance registry info from the eureka server
[INFO ] 2019-02-28 20:22:52 [Thread-4] c.netflix.discovery.DiscoveryClient - Starting heartbeat executor: renew interval is: 30
[INFO ] 2019-02-28 20:22:52 [Thread-4] c.n.discovery.InstanceInfoReplicator - InstanceInfoReplicator onDemand update allowed rate per min is 4
[INFO ] 2019-02-28 20:22:52 [Thread-4] c.netflix.discovery.DiscoveryClient - Discovery Client initialized at timestamp 1551356581594 with initial instances count: 0
[INFO ] 2019-02-28 20:22:52 [Thread-4] c.netflix.discovery.DiscoveryClient - Shutting down DiscoveryClient ...
[INFO ] 2019-02-28 20:22:52 [Thread-4] c.netflix.discovery.DiscoveryClient - Unregistering ...
[INFO ] 2019-02-28 20:22:52 [Thread-4] c.netflix.discovery.DiscoveryClient - Completed shut down of DiscoveryClient
[INFO ] 2019-02-28 20:22:52 [Thread-4] o.s.c.s.DefaultLifecycleProcessor - Stopping beans in phase 0
[INFO ] 2019-02-28 20:24:16 [main] c.j.s.a.AppUserApplicationTests - No active profile set, falling back to default profiles: default
[INFO ] 2019-02-28 20:24:16 [main] o.s.w.c.s.GenericWebApplicationContext - Refreshing org.springframework.web.context.support.GenericWebApplicationContext@5ef8df1e: startup date [Thu Feb 28 20:24:16 CST 2019]; parent: org.springframework.context.annotation.AnnotationConfigApplicationContext@6f3187b0
[INFO ] 2019-02-28 20:24:16 [main] o.s.cloud.context.scope.GenericScope - BeanFactory id=0b0c7b67-21c0-38c2-9f6d-7a095fc95527
[INFO ] 2019-02-28 20:24:16 [main] o.s.b.f.a.AutowiredAnnotationBeanPostProcessor - JSR-330 'javax.inject.Inject' annotation found and supported for autowiring
[INFO ] 2019-02-28 20:24:16 [main] o.s.c.s.PostProcessorRegistrationDelegate$BeanPostProcessorChecker - Bean 'org.springframework.cloud.autoconfigure.ConfigurationPropertiesRebinderAutoConfiguration' of type [org.springframework.cloud.autoconfigure.ConfigurationPropertiesRebinderAutoConfiguration$$EnhancerBySpringCGLIB$$2aaa2701] is not eligible for getting processed by all BeanPostProcessors (for example: not eligible for auto-proxying)
[INFO ] 2019-02-28 20:24:16 [main] o.s.w.s.m.m.a.RequestMappingHandlerAdapter - Looking for @ControllerAdvice: org.springframework.web.context.support.GenericWebApplicationContext@5ef8df1e: startup date [Thu Feb 28 20:24:16 CST 2019]; parent: org.springframework.context.annotation.AnnotationConfigApplicationContext@6f3187b0
[INFO ] 2019-02-28 20:24:16 [main] o.s.w.s.m.m.a.RequestMappingHandlerMapping - Mapped "{[/app-order-meta]}" onto public java.util.List com.jay.springcloud.appuser.AppUserApplication.getAppOrderMeta()
[INFO ] 2019-02-28 20:24:16 [main] o.s.w.s.m.m.a.RequestMappingHandlerMapping - Mapped "{[/app-user-meta]}" onto public java.util.List com.jay.springcloud.appuser.AppUserApplication.getAppUserMeta()
[INFO ] 2019-02-28 20:24:16 [main] o.s.w.s.m.m.a.RequestMappingHandlerMapping - Mapped "{[/user/add]}" onto public java.lang.String com.jay.springcloud.appuser.controller.HelloController.add(java.lang.String,java.lang.String)
[INFO ] 2019-02-28 20:24:16 [main] o.s.w.s.m.m.a.RequestMappingHandlerMapping - Mapped "{[/user/hello]}" onto public java.lang.String com.jay.springcloud.appuser.controller.HelloController.sayHello()
[INFO ] 2019-02-28 20:24:16 [main] o.s.w.s.m.m.a.RequestMappingHandlerMapping - Mapped "{[/user/findById]}" onto public java.lang.String com.jay.springcloud.appuser.controller.HelloController.findByPK(java.lang.String)
[INFO ] 2019-02-28 20:24:16 [main] o.s.w.s.m.m.a.RequestMappingHandlerMapping - Mapped "{[/error]}" onto public org.springframework.http.ResponseEntity<java.util.Map<java.lang.String, java.lang.Object>> org.springframework.boot.autoconfigure.web.BasicErrorController.error(javax.servlet.http.HttpServletRequest)
[INFO ] 2019-02-28 20:24:16 [main] o.s.w.s.m.m.a.RequestMappingHandlerMapping - Mapped "{[/error],produces=[text/html]}" onto public org.springframework.web.servlet.ModelAndView org.springframework.boot.autoconfigure.web.BasicErrorController.errorHtml(javax.servlet.http.HttpServletRequest,javax.servlet.http.HttpServletResponse)
[INFO ] 2019-02-28 20:24:16 [main] o.s.w.s.h.SimpleUrlHandlerMapping - Mapped URL path [/webjars/**] onto handler of type [class org.springframework.web.servlet.resource.ResourceHttpRequestHandler]
[INFO ] 2019-02-28 20:24:16 [main] o.s.w.s.h.SimpleUrlHandlerMapping - Mapped URL path [/**] onto handler of type [class org.springframework.web.servlet.resource.ResourceHttpRequestHandler]
[INFO ] 2019-02-28 20:24:16 [main] o.s.w.s.h.SimpleUrlHandlerMapping - Mapped URL path [/**/favicon.ico] onto handler of type [class org.springframework.web.servlet.resource.ResourceHttpRequestHandler]
[INFO ] 2019-02-28 20:24:16 [main] c.n.c.sources.URLConfigurationSource - To enable URLs as dynamic configuration sources, define System property archaius.configurationSource.additionalUrls or make config.properties available on classpath.
[INFO ] 2019-02-28 20:24:16 [main] c.n.c.sources.URLConfigurationSource - To enable URLs as dynamic configuration sources, define System property archaius.configurationSource.additionalUrls or make config.properties available on classpath.
[INFO ] 2019-02-28 20:24:16 [main] o.s.c.s.DefaultLifecycleProcessor - Starting beans in phase 0
[INFO ] 2019-02-28 20:24:16 [main] c.j.s.a.AppUserApplicationTests - Started AppUserApplicationTests in 7.125 seconds (JVM running for 8.124)
[INFO ] 2019-02-28 20:24:16 [Thread-4] o.s.w.c.s.GenericWebApplicationContext - Closing org.springframework.web.context.support.GenericWebApplicationContext@5ef8df1e: startup date [Thu Feb 28 20:24:16 CST 2019]; parent: org.springframework.context.annotation.AnnotationConfigApplicationContext@6f3187b0
[INFO ] 2019-02-28 20:24:16 [Thread-4] o.s.c.n.eureka.InstanceInfoFactory - Setting initial instance status as: STARTING
[INFO ] 2019-02-28 20:24:16 [Thread-4] o.s.c.n.e.EurekaDiscoveryClientConfiguration - Unregistering application app-user with eureka with status DOWN
[INFO ] 2019-02-28 20:24:16 [Thread-4] c.n.d.p.DiscoveryJerseyProvider - Using JSON encoding codec LegacyJacksonJson
[INFO ] 2019-02-28 20:24:16 [Thread-4] c.n.d.p.DiscoveryJerseyProvider - Using JSON decoding codec LegacyJacksonJson
[INFO ] 2019-02-28 20:24:16 [Thread-4] c.n.d.p.DiscoveryJerseyProvider - Using XML encoding codec XStreamXml
[INFO ] 2019-02-28 20:24:16 [Thread-4] c.n.d.p.DiscoveryJerseyProvider - Using XML decoding codec XStreamXml
[INFO ] 2019-02-28 20:24:16 [Thread-4] c.n.d.s.r.aws.ConfigClusterResolver - Resolving eureka endpoints via configuration
[INFO ] 2019-02-28 20:24:16 [Thread-4] c.netflix.discovery.DiscoveryClient - Disable delta property : false
[INFO ] 2019-02-28 20:24:16 [Thread-4] c.netflix.discovery.DiscoveryClient - Single vip registry refresh property : null
[INFO ] 2019-02-28 20:24:16 [Thread-4] c.netflix.discovery.DiscoveryClient - Force full registry fetch : false
[INFO ] 2019-02-28 20:24:16 [Thread-4] c.netflix.discovery.DiscoveryClient - Application is null : false
[INFO ] 2019-02-28 20:24:16 [Thread-4] c.netflix.discovery.DiscoveryClient - Registered Applications size is zero : true
[INFO ] 2019-02-28 20:24:16 [Thread-4] c.netflix.discovery.DiscoveryClient - Application version is -1: true
[INFO ] 2019-02-28 20:24:16 [Thread-4] c.netflix.discovery.DiscoveryClient - Getting all instance registry info from the eureka server
[INFO ] 2019-02-28 20:24:16 [Thread-4] c.netflix.discovery.DiscoveryClient - Starting heartbeat executor: renew interval is: 30
[INFO ] 2019-02-28 20:24:16 [Thread-4] c.n.discovery.InstanceInfoReplicator - InstanceInfoReplicator onDemand update allowed rate per min is 4
[INFO ] 2019-02-28 20:24:16 [Thread-4] c.netflix.discovery.DiscoveryClient - Discovery Client initialized at timestamp 1551356665492 with initial instances count: 0
[INFO ] 2019-02-28 20:24:16 [Thread-4] c.netflix.discovery.DiscoveryClient - Shutting down DiscoveryClient ...
[INFO ] 2019-02-28 20:24:16 [Thread-4] c.netflix.discovery.DiscoveryClient - Unregistering ...
[INFO ] 2019-02-28 20:24:16 [Thread-4] c.netflix.discovery.DiscoveryClient - Completed shut down of DiscoveryClient
[INFO ] 2019-02-28 20:24:16 [Thread-4] o.s.c.s.DefaultLifecycleProcessor - Stopping beans in phase 0
